0 info it worked if it ends with ok
1 verbose cli [ '/usr/local/bin/node', '/usr/local/bin/npm', 'start' ]
2 info using npm@3.10.3
3 info using node@v6.7.0
4 verbose run-script [ 'prestart', 'start', 'poststart' ]
5 info lifecycle css-animation-duration@1.0.7~prestart: css-animation-duration@1.0.7
6 silly lifecycle css-animation-duration@1.0.7~prestart: no script for prestart, continuing
7 info lifecycle css-animation-duration@1.0.7~start: css-animation-duration@1.0.7
8 verbose lifecycle css-animation-duration@1.0.7~start: unsafe-perm in lifecycle true
9 verbose lifecycle css-animation-duration@1.0.7~start: PATH: /usr/local/lib/node_modules/npm/bin/node-gyp-bin:/Users/mrmrs/c/css-animation-duration/node_modules/.bin:/usr/local/bin:/Users/mrmrs/.yarn/bin:/usr/local/bin:/usr/bin:/usr/local/bin:/usr/bin:/bin:/usr/sbin:/sbin:/opt/X11/bin
10 verbose lifecycle css-animation-duration@1.0.7~start: CWD: /Users/mrmrs/c/css-animation-duration
11 silly lifecycle css-animation-duration@1.0.7~start: Args: [ '-c',
11 silly lifecycle   'tachyons src/css-animation-duration.css > css/css-animation-duration.css && tachyons src/css-animation-duration.css --minify > css/css-animation-duration.min.css && tachyons src/css-animation-duration.css --generate-docs --package=../../package.json > readme.md' ]
12 silly lifecycle css-animation-duration@1.0.7~start: Returned: code: 1  signal: null
13 info lifecycle css-animation-duration@1.0.7~start: Failed to exec start script
14 verbose stack Error: css-animation-duration@1.0.7 start: `tachyons src/css-animation-duration.css > css/css-animation-duration.css && tachyons src/css-animation-duration.css --minify > css/css-animation-duration.min.css && tachyons src/css-animation-duration.css --generate-docs --package=../../package.json > readme.md`
14 verbose stack Exit status 1
14 verbose stack     at EventEmitter.<anonymous> (/usr/local/lib/node_modules/npm/lib/utils/lifecycle.js:242:16)
14 verbose stack     at emitTwo (events.js:106:13)
14 verbose stack     at EventEmitter.emit (events.js:191:7)
14 verbose stack     at ChildProcess.<anonymous> (/usr/local/lib/node_modules/npm/lib/utils/spawn.js:40:14)
14 verbose stack     at emitTwo (events.js:106:13)
14 verbose stack     at ChildProcess.emit (events.js:191:7)
14 verbose stack     at maybeClose (internal/child_process.js:877:16)
14 verbose stack     at Process.ChildProcess._handle.onexit (internal/child_process.js:226:5)
15 verbose pkgid css-animation-duration@1.0.7
16 verbose cwd /Users/mrmrs/c/css-animation-duration
17 error Darwin 16.1.0
18 error argv "/usr/local/bin/node" "/usr/local/bin/npm" "start"
19 error node v6.7.0
20 error npm  v3.10.3
21 error code ELIFECYCLE
22 error css-animation-duration@1.0.7 start: `tachyons src/css-animation-duration.css > css/css-animation-duration.css && tachyons src/css-animation-duration.css --minify > css/css-animation-duration.min.css && tachyons src/css-animation-duration.css --generate-docs --package=../../package.json > readme.md`
22 error Exit status 1
23 error Failed at the css-animation-duration@1.0.7 start script 'tachyons src/css-animation-duration.css > css/css-animation-duration.css && tachyons src/css-animation-duration.css --minify > css/css-animation-duration.min.css && tachyons src/css-animation-duration.css --generate-docs --package=../../package.json > readme.md'.
23 error Make sure you have the latest version of node.js and npm installed.
23 error If you do, this is most likely a problem with the css-animation-duration package,
23 error not with npm itself.
23 error Tell the author that this fails on your system:
23 error     tachyons src/css-animation-duration.css > css/css-animation-duration.css && tachyons src/css-animation-duration.css --minify > css/css-animation-duration.min.css && tachyons src/css-animation-duration.css --generate-docs --package=../../package.json > readme.md
23 error You can get information on how to open an issue for this project with:
23 error     npm bugs css-animation-duration
23 error Or if that isn't available, you can get their info via:
23 error     npm owner ls css-animation-duration
23 error There is likely additional logging output above.
24 verbose exit [ 1, true ]
